<?xml version="1.0" encoding="UTF-8"?>
<testng-results total="1" passed="1" failed="0" skipped="0">
  <reporter-output>
  </reporter-output>
  <suite started-at="2020-08-11T13:04:31Z" name="Suite" finished-at="2020-08-11T13:04:58Z" duration-ms="27601">
    <groups>
    </groups>
    <test started-at="2020-08-11T13:04:31Z" name="Test" finished-at="2020-08-11T13:04:58Z" duration-ms="27601">
      <class name="Assessment.monkeyuser.ComicsBook">
        <test-method signature="comicBook()[pri:0, instance:Assessment.monkeyuser.ComicsBook@a530d0a]" started-at="2020-08-11T18:34:31Z" name="comicBook" finished-at="2020-08-11T18:34:58Z" duration-ms="27594" status="PASS">
          <reporter-output>
          </reporter-output>
        </test-method> <!-- comicBook -->
      </class> <!-- Assessment.monkeyuser.ComicsBook -->
    </test> <!-- Test -->
  </suite> <!-- Suite -->
</testng-results>
